<?xml version="1.0" encoding="UTF-8"?>
<testsuite xmlns:xsi="http://www.w3.org/2001/XMLSchema-instance" xsi:noNamespaceSchemaLocation="https://maven.apache.org/surefire/maven-surefire-plugin/xsd/surefire-test-report-3.0.xsd" version="3.0" name="com.github.pointbre.asyncer.test.AsyncerTest" time="0.202" tests="1" errors="0" skipped="0" failures="0">
  <properties>
    <property name="java.specification.version" value="21"/>
    <property name="sun.jnu.encoding" value="UTF-8"/>
    <property name="java.class.path" value=""/>
    <property name="java.vm.vendor" value="Eclipse Adoptium"/>
    <property name="sun.arch.data.model" value="64"/>
    <property name="java.vendor.url" value="https://adoptium.net/"/>
    <property name="user.timezone" value="Pacific/Auckland"/>
    <property name="os.name" value="Linux"/>
    <property name="java.vm.specification.version" value="21"/>
    <property name="sun.java.launcher" value="SUN_STANDARD"/>
    <property name="user.country" value="US"/>
    <property name="sun.boot.library.path" value="/home/pointbre/.sdkman/candidates/java/21-tem/lib"/>
    <property name="sun.java.command" value="org.apache.maven.surefire.booter.ForkedBooter /home/pointbre/MyProjects/asyncer/asyncer-test/target/surefire 2023-12-10T00-00-46_811-jvmRun1 surefire-20231210000047544_1tmp surefire_0-20231210000047544_2tmp"/>
    <property name="jdk.debug" value="release"/>
    <property name="surefire.test.class.path" value=""/>
    <property name="sun.cpu.endian" value="little"/>
    <property name="user.home" value="/home/pointbre"/>
    <property name="user.language" value="en"/>
    <property name="java.specification.vendor" value="Oracle Corporation"/>
    <property name="jdk.module.path" value="/home/pointbre/MyProjects/asyncer/asyncer-test/target/test-classes:/home/pointbre/MyProjects/asyncer/asyncer-test/target/classes:/home/pointbre/MyProjects/asyncer/asyncer-core/target/asyncer-core-1.0-SNAPSHOT.jar:/home/pointbre/.m2/repository/org/projectlombok/lombok/1.18.30/lombok-1.18.30.jar:/home/pointbre/.m2/repository/org/slf4j/slf4j-api/2.0.9/slf4j-api-2.0.9.jar:/home/pointbre/.m2/repository/io/projectreactor/reactor-core/3.5.11/reactor-core-3.5.11.jar:/home/pointbre/.m2/repository/org/reactivestreams/reactive-streams/1.0.4/reactive-streams-1.0.4.jar:/home/pointbre/.m2/repository/io/projectreactor/reactor-test/3.5.11/reactor-test-3.5.11.jar:/home/pointbre/.m2/repository/org/junit/jupiter/junit-jupiter-api/5.10.1/junit-jupiter-api-5.10.1.jar:/home/pointbre/.m2/repository/org/opentest4j/opentest4j/1.3.0/opentest4j-1.3.0.jar:/home/pointbre/.m2/repository/org/junit/platform/junit-platform-commons/1.10.1/junit-platform-commons-1.10.1.jar:/home/pointbre/.m2/repository/org/apiguardian/apiguardian-api/1.1.2/apiguardian-api-1.1.2.jar:/home/pointbre/.m2/repository/org/junit/jupiter/junit-jupiter-engine/5.10.1/junit-jupiter-engine-5.10.1.jar:/home/pointbre/.m2/repository/org/junit/platform/junit-platform-engine/1.10.1/junit-platform-engine-1.10.1.jar:/home/pointbre/.m2/repository/org/junit/jupiter/junit-jupiter-params/5.10.1/junit-jupiter-params-5.10.1.jar:/home/pointbre/.m2/repository/org/junit/platform/junit-platform-suite/1.10.1/junit-platform-suite-1.10.1.jar:/home/pointbre/.m2/repository/org/junit/platform/junit-platform-suite-api/1.10.1/junit-platform-suite-api-1.10.1.jar:/home/pointbre/.m2/repository/org/junit/platform/junit-platform-suite-engine/1.10.1/junit-platform-suite-engine-1.10.1.jar:/home/pointbre/.m2/repository/org/junit/platform/junit-platform-suite-commons/1.10.1/junit-platform-suite-commons-1.10.1.jar:/home/pointbre/.m2/repository/org/junit/platform/junit-platform-launcher/1.10.1/junit-platform-launcher-1.10.1.jar:/home/pointbre/.m2/repository/org/mockito/mockito-core/5.6.0/mockito-core-5.6.0.jar:/home/pointbre/.m2/repository/net/bytebuddy/byte-buddy/1.14.8/byte-buddy-1.14.8.jar:/home/pointbre/.m2/repository/net/bytebuddy/byte-buddy-agent/1.14.8/byte-buddy-agent-1.14.8.jar:/home/pointbre/.m2/repository/org/objenesis/objenesis/3.3/objenesis-3.3.jar:/home/pointbre/.m2/repository/org/mockito/mockito-junit-jupiter/5.6.0/mockito-junit-jupiter-5.6.0.jar:/home/pointbre/.m2/repository/io/cucumber/cucumber-java/7.9.0/cucumber-java-7.9.0.jar:/home/pointbre/.m2/repository/io/cucumber/cucumber-core/7.9.0/cucumber-core-7.9.0.jar:/home/pointbre/.m2/repository/io/cucumber/cucumber-gherkin/7.9.0/cucumber-gherkin-7.9.0.jar:/home/pointbre/.m2/repository/io/cucumber/cucumber-gherkin-messages/7.9.0/cucumber-gherkin-messages-7.9.0.jar:/home/pointbre/.m2/repository/io/cucumber/gherkin/24.1.0/gherkin-24.1.0.jar:/home/pointbre/.m2/repository/io/cucumber/messages/19.1.4/messages-19.1.4.jar:/home/pointbre/.m2/repository/io/cucumber/tag-expressions/4.1.0/tag-expressions-4.1.0.jar:/home/pointbre/.m2/repository/io/cucumber/cucumber-expressions/16.0.0/cucumber-expressions-16.0.0.jar:/home/pointbre/.m2/repository/io/cucumber/datatable/7.9.0/datatable-7.9.0.jar:/home/pointbre/.m2/repository/io/cucumber/cucumber-plugin/7.9.0/cucumber-plugin-7.9.0.jar:/home/pointbre/.m2/repository/io/cucumber/docstring/7.9.0/docstring-7.9.0.jar:/home/pointbre/.m2/repository/io/cucumber/html-formatter/20.1.0/html-formatter-20.1.0.jar:/home/pointbre/.m2/repository/io/cucumber/ci-environment/9.1.0/ci-environment-9.1.0.jar:/home/pointbre/.m2/repository/io/cucumber/cucumber-junit-platform-engine/7.9.0/cucumber-junit-platform-engine-7.9.0.jar"/>
    <property name="java.version.date" value="2023-09-19"/>
    <property name="java.home" value="/home/pointbre/.sdkman/candidates/java/21-tem"/>
    <property name="file.separator" value="/"/>
    <property name="basedir" value="/home/pointbre/MyProjects/asyncer/asyncer-test"/>
    <property name="java.vm.compressedOopsMode" value="Zero based"/>
    <property name="line.separator" value="&#10;"/>
    <property name="java.vm.specification.vendor" value="Oracle Corporation"/>
    <property name="java.specification.name" value="Java Platform API Specification"/>
    <property name="surefire.real.class.path" value="/home/pointbre/.m2/repository/org/apache/maven/surefire/surefire-booter/3.2.2/surefire-booter-3.2.2.jar:/home/pointbre/.m2/repository/org/apache/maven/surefire/surefire-api/3.2.2/surefire-api-3.2.2.jar:/home/pointbre/.m2/repository/org/apache/maven/surefire/surefire-logger-api/3.2.2/surefire-logger-api-3.2.2.jar:/home/pointbre/.m2/repository/org/apache/maven/surefire/surefire-shared-utils/3.2.2/surefire-shared-utils-3.2.2.jar:/home/pointbre/.m2/repository/org/apache/maven/surefire/surefire-extensions-spi/3.2.2/surefire-extensions-spi-3.2.2.jar:/home/pointbre/.m2/repository/org/apache/maven/surefire/surefire-junit-platform/3.2.2/surefire-junit-platform-3.2.2.jar:/home/pointbre/.m2/repository/org/apache/maven/surefire/common-java5/3.2.2/common-java5-3.2.2.jar"/>
    <property name="sun.management.compiler" value="HotSpot 64-Bit Tiered Compilers"/>
    <property name="java.runtime.version" value="21+35-LTS"/>
    <property name="user.name" value="pointbre"/>
    <property name="stdout.encoding" value="UTF-8"/>
    <property name="path.separator" value=":"/>
    <property name="os.version" value="6.2.0-37-generic"/>
    <property name="java.runtime.name" value="OpenJDK Runtime Environment"/>
    <property name="file.encoding" value="UTF-8"/>
    <property name="java.vm.name" value="OpenJDK 64-Bit Server VM"/>
    <property name="java.vendor.version" value="Temurin-21+35"/>
    <property name="localRepository" value="/home/pointbre/.m2/repository"/>
    <property name="java.vendor.url.bug" value="https://github.com/adoptium/adoptium-support/issues"/>
    <property name="java.io.tmpdir" value="/tmp"/>
    <property name="java.version" value="21"/>
    <property name="user.dir" value="/home/pointbre/MyProjects/asyncer/asyncer-test"/>
    <property name="os.arch" value="amd64"/>
    <property name="java.vm.specification.name" value="Java Virtual Machine Specification"/>
    <property name="native.encoding" value="UTF-8"/>
    <property name="java.library.path" value="/usr/java/packages/lib:/usr/lib64:/lib64:/lib:/usr/lib"/>
    <property name="java.vm.info" value="mixed mode, sharing"/>
    <property name="stderr.encoding" value="UTF-8"/>
    <property name="java.vendor" value="Eclipse Adoptium"/>
    <property name="java.vm.version" value="21+35-LTS"/>
    <property name="sun.io.unicode.encoding" value="UnicodeLittle"/>
    <property name="java.class.version" value="65.0"/>
  </properties>
  <testcase name="test" classname="com.github.pointbre.asyncer.test.AsyncerTest" time="0.201">
    <system-out><![CDATA[true
true
1
state updated=Asyncer.Change(value=STOPPED) at Sun Dec 10 00:00:50 NZDT 2023
2
3
Request received Request[uuid=4e3cb499-018c-1000-a6e4-f9bf310e1d66, event=START: additional message, resultSink=reactor.core.publisher.SinkOneSerialized@5f9c98f7]
Running
state updated=Asyncer.Change(value=STARTING) at Sun Dec 10 00:00:50 NZDT 2023
inside of task: state=STOPPED, event=START: additional message
state updated=Asyncer.Change(value=STARTED) at Sun Dec 10 00:00:50 NZDT 2023
Returned transition result=Asyncer.TransitionResult(event=START: additional message, states=[STARTING, STARTED], transition=Asyncer.Transition(name=, from=STOPPED, event=START, to=STARTING, tasks=[com.github.pointbre.asyncer.test.AsyncerTest$$Lambda/0x00007f58c022f118@33d05366], taskExecutor=com.github.pointbre.asyncer.core.SequentialFAETaskExecutorImpl@27a0a5a2, timeout=null, toWhenProcessed=STARTED, toWhenFailed=STOPPED), taskResults=[Asyncer.Result(value=true, description=done)])
task result=Asyncer.Result(value=true, description=done)
fire START finished=Asyncer.TransitionResult(event=START: additional message, states=[STARTING, STARTED], transition=Asyncer.Transition(name=, from=STOPPED, event=START, to=STARTING, tasks=[com.github.pointbre.asyncer.test.AsyncerTest$$Lambda/0x00007f58c022f118@33d05366], taskExecutor=com.github.pointbre.asyncer.core.SequentialFAETaskExecutorImpl@27a0a5a2, timeout=null, toWhenProcessed=STARTED, toWhenFailed=STOPPED), taskResults=[Asyncer.Result(value=true, description=done)])
Processing done: Asyncer.TransitionResult(event=START: additional message, states=[STARTING, STARTED], transition=Asyncer.Transition(name=, from=STOPPED, event=START, to=STARTING, tasks=[com.github.pointbre.asyncer.test.AsyncerTest$$Lambda/0x00007f58c022f118@33d05366], taskExecutor=com.github.pointbre.asyncer.core.SequentialFAETaskExecutorImpl@27a0a5a2, timeout=null, toWhenProcessed=STARTED, toWhenFailed=STOPPED), taskResults=[Asyncer.Result(value=true, description=done)])
5 --> 94
6
Asyncer's close() called
Putting poison pill
Waiting until the poison pill is taken

.Request received Request[uuid=null, event=null, resultSink=null]
Poison pill arrived
Poison pill is taken
7 --> 196
]]></system-out>
    <system-err><![CDATA[SLF4J: No SLF4J providers were found.
SLF4J: Defaulting to no-operation (NOP) logger implementation
SLF4J: See https://www.slf4j.org/codes.html#noProviders for further details.
]]></system-err>
  </testcase>
</testsuite>